{
  "RSpec": {
    "coverage": {
      "/Users/alestuber/mercadofresh/app/controllers/api/v1/baskets_controller.rb": [
        1,
        1,
        1,
        null,
        1,
        1,
        1,
        null,
        null,
        1,
        1,
        null,
        null
      ],
      "/Users/alestuber/mercadofresh/app/controllers/concerns/baskets/params_concern.rb": [
        1,
        1,
        null,
        1,
        1,
        4,
        null,
        null
      ],
      "/Users/alestuber/mercadofresh/app/controllers/concerns/baskets/create_concern.rb": [
        1,
        1,
        null,
        1,
        null,
        2,
        null,
        2,
        2,
        4,
        null,
        null,
        null,
        2,
        2,
        3,
        null,
        3,
        null,
        3,
        2,
        2,
        null,
        null,
        3,
        null,
        null,
        null
      ],
      "/Users/alestuber/mercadofresh/app/controllers/api/v1/categories_controller.rb": [
        1,
        1,
        1,
        null,
        1,
        null,
        null
      ],
      "/Users/alestuber/mercadofresh/app/controllers/api/v1/products_controller.rb": [
        1,
        1,
        1,
        null,
        1,
        null,
        null
      ],
      "/Users/alestuber/mercadofresh/app/controllers/baskets_controller.rb": [
        1,
        1,
        1,
        null,
        1,
        1,
        null,
        null
      ],
      "/Users/alestuber/mercadofresh/app/controllers/categories_controller.rb": [
        1,
        1,
        1,
        null,
        null
      ],
      "/Users/alestuber/mercadofresh/app/controllers/checkouts/addresses_controller.rb": [
        1,
        1,
        2,
        2,
        2,
        null,
        2,
        1,
        1,
        null,
        1,
        1,
        null,
        null,
        2,
        null,
        null,
        1,
        null
      ],
      "/Users/alestuber/mercadofresh/app/controllers/checkouts/payments_controller.rb": [
        1,
        1,
        2,
        2,
        2,
        null,
        2,
        1,
        null,
        1,
        null,
        null,
        2,
        2,
        null,
        0,
        null,
        null,
        null,
        1,
        null
      ],
      "/Users/alestuber/mercadofresh/app/controllers/checkouts/users_controller.rb": [
        1,
        1,
        2,
        null,
        2,
        1,
        1,
        null,
        1,
        null,
        null,
        null,
        1,
        1,
        2,
        null,
        null
      ],
      "/Users/alestuber/mercadofresh/app/controllers/checkouts_controller.rb": [
        1,
        1,
        null,
        1,
        1,
        1,
        1,
        1,
        null,
        1,
        null,
        1,
        1,
        1,
        null,
        0,
        null,
        null,
        null
      ],
      "/Users/alestuber/mercadofresh/app/controllers/concerns/checkouts/params_concern.rb": [
        1,
        1,
        null,
        1,
        1,
        2,
        null,
        null
      ],
      "/Users/alestuber/mercadofresh/app/controllers/orders/items_controller.rb": [
        1,
        1,
        3,
        null,
        3,
        2,
        null,
        1,
        null,
        null,
        3,
        null,
        null,
        1,
        0,
        null,
        null,
        1,
        1,
        3,
        null,
        null
      ],
      "/Users/alestuber/mercadofresh/app/controllers/products_controller.rb": [
        1,
        1,
        1,
        null,
        null
      ],
      "/Users/alestuber/mercadofresh/app/controllers/users/addresses_controller.rb": [
        1,
        1,
        1,
        null,
        1,
        2,
        2,
        2,
        null,
        null,
        null,
        1,
        1,
        1,
        null,
        null
      ],
      "/Users/alestuber/mercadofresh/app/controllers/concerns/users/addresses/params_concern.rb": [
        1,
        1,
        null,
        1,
        1,
        2,
        null,
        null,
        null,
        null,
        null,
        null,
        null,
        null
      ],
      "/Users/alestuber/mercadofresh/app/controllers/concerns/users/base_concern.rb": [
        1,
        1,
        null,
        1,
        2,
        2,
        3,
        3,
        null,
        3,
        3,
        3,
        3,
        null,
        null,
        null,
        2,
        2,
        2,
        null,
        null,
        null
      ],
      "/Users/alestuber/mercadofresh/app/controllers/users/cards_controller.rb": [
        1,
        1,
        1,
        null,
        1,
        1,
        1,
        null,
        null,
        null,
        1,
        1,
        1,
        null,
        null
      ],
      "/Users/alestuber/mercadofresh/app/controllers/concerns/users/cards/params_concern.rb": [
        1,
        1,
        null,
        1,
        1,
        1,
        null,
        null,
        null,
        null,
        null,
        null,
        null,
        null
      ],
      "/Users/alestuber/mercadofresh/app/presenters/product_presenter.rb": [
        1,
        1,
        null,
        1,
        2,
        null,
        null
      ],
      "/Users/alestuber/mercadofresh/app/presenters/base_presenter.rb": [
        1,
        1,
        0,
        null,
        null,
        1,
        10,
        10,
        null,
        null
      ],
      "/Users/alestuber/mercadofresh/app/presenters/order/item_presenter.rb": [
        1,
        1,
        null,
        1,
        0,
        null,
        null,
        1,
        0,
        null,
        null,
        1,
        0,
        null,
        null,
        1,
        2,
        null,
        null,
        1,
        2,
        null,
        null
      ],
      "/Users/alestuber/mercadofresh/app/business/basket.rb": [
        1,
        1,
        3,
        3,
        3,
        null,
        null,
        1,
        2,
        null,
        2,
        2,
        null,
        0,
        0,
        0,
        0,
        null,
        null,
        null,
        1,
        1,
        1,
        1,
        null,
        null,
        1,
        1,
        1,
        null,
        null,
        1,
        2,
        null,
        null
      ],
      "/Users/alestuber/mercadofresh/app/presenters/order_presenter.rb": [
        1,
        1,
        null,
        1,
        0,
        0,
        null,
        null,
        1,
        0,
        null,
        null,
        null,
        null,
        null,
        null,
        null,
        0,
        null,
        null,
        1,
        0,
        null,
        null,
        1,
        0,
        null,
        null,
        1,
        2,
        null,
        null,
        1,
        0,
        null,
        null
      ],
      "/Users/alestuber/mercadofresh/app/business/checkout.rb": [
        1,
        1,
        1,
        1,
        1,
        1,
        null,
        null,
        1,
        1,
        1,
        1,
        1,
        1,
        1,
        null,
        1,
        null,
        null
      ],
      "/Users/alestuber/mercadofresh/app/business/messager.rb": [
        1,
        1,
        1,
        1,
        1,
        null,
        null,
        1,
        1,
        0,
        0,
        null,
        null
      ]
    },
    "timestamp": 1435957752
  }
}
